<?xml version="1.0" encoding="UTF-8"?>
<testsuite name="microservicio.web.store.service.ServiceProductApplicationTests" tests="1" skipped="0" failures="0" errors="0" timestamp="2021-06-25T03:23:48" hostname="CHRISTIANPC" time="0.562">
  <properties/>
  <testcase name="contextLoads()" classname="microservicio.web.store.service.ServiceProductApplicationTests" time="0.562"/>
  <system-out><![CDATA[22:23:36.305 [Test worker] DEBUG org.springframework.test.context.BootstrapUtils - Instantiating CacheAwareContextLoaderDelegate from class [org.springframework.test.context.cache.DefaultCacheAwareContextLoaderDelegate]
22:23:36.337 [Test worker] DEBUG org.springframework.test.context.BootstrapUtils - Instantiating BootstrapContext using constructor [public org.springframework.test.context.support.DefaultBootstrapContext(java.lang.Class,org.springframework.test.context.CacheAwareContextLoaderDelegate)]
22:23:36.446 [Test worker] DEBUG org.springframework.test.context.BootstrapUtils - Instantiating TestContextBootstrapper for test class [microservicio.web.store.service.ServiceProductApplicationTests] from class [org.springframework.boot.test.context.SpringBootTestContextBootstrapper]
22:23:36.483 [Test worker] INFO org.springframework.boot.test.context.SpringBootTestContextBootstrapper - Neither @ContextConfiguration nor @ContextHierarchy found for test class [microservicio.web.store.service.ServiceProductApplicationTests], using SpringBootContextLoader
22:23:36.493 [Test worker] DEBUG org.springframework.test.context.support.AbstractContextLoader - Did not detect default resource location for test class [microservicio.web.store.service.ServiceProductApplicationTests]: class path resource [microservicio/web/store/service/ServiceProductApplicationTests-context.xml] does not exist
22:23:36.495 [Test worker] DEBUG org.springframework.test.context.support.AbstractContextLoader - Did not detect default resource location for test class [microservicio.web.store.service.ServiceProductApplicationTests]: class path resource [microservicio/web/store/service/ServiceProductApplicationTestsContext.groovy] does not exist
22:23:36.497 [Test worker] INFO org.springframework.test.context.support.AbstractContextLoader - Could not detect default resource locations for test class [microservicio.web.store.service.ServiceProductApplicationTests]: no resource found for suffixes {-context.xml, Context.groovy}.
22:23:36.499 [Test worker] INFO org.springframework.test.context.support.AnnotationConfigContextLoaderUtils - Could not detect default configuration classes for test class [microservicio.web.store.service.ServiceProductApplicationTests]: ServiceProductApplicationTests does not declare any static, non-private, non-final, nested classes annotated with @Configuration.
22:23:36.625 [Test worker] DEBUG org.springframework.test.context.support.ActiveProfilesUtils - Could not find an 'annotation declaring class' for annotation type [org.springframework.test.context.ActiveProfiles] and class [microservicio.web.store.service.ServiceProductApplicationTests]
22:23:36.862 [Test worker] DEBUG org.springframework.context.annotation.ClassPathScanningCandidateComponentProvider - Identified candidate component class: file [C:\Users\usuario\Desktop\WEB - REST\service-product\build\classes\java\main\microservicio\web\store\service\ServiceProductApplication.class]
22:23:36.865 [Test worker] INFO org.springframework.boot.test.context.SpringBootTestContextBootstrapper - Found @SpringBootConfiguration microservicio.web.store.service.ServiceProductApplication for test class microservicio.web.store.service.ServiceProductApplicationTests
22:23:37.163 [Test worker] DEBUG org.springframework.boot.test.context.SpringBootTestContextBootstrapper - @TestExecutionListeners is not present for class [microservicio.web.store.service.ServiceProductApplicationTests]: using defaults.
22:23:37.164 [Test worker] INFO org.springframework.boot.test.context.SpringBootTestContextBootstrapper - Loaded default TestExecutionListener class names from location [META-INF/spring.factories]: [org.springframework.boot.test.autoconfigure.restdocs.RestDocsTestExecutionListener, org.springframework.boot.test.autoconfigure.web.client.MockRestServiceServerResetTestExecutionListener, org.springframework.boot.test.autoconfigure.web.servlet.MockMvcPrintOnlyOnFailureTestExecutionListener, org.springframework.boot.test.autoconfigure.web.servlet.WebDriverTestExecutionListener, org.springframework.boot.test.autoconfigure.webservices.client.MockWebServiceServerTestExecutionListener, org.springframework.boot.test.mock.mockito.MockitoTestExecutionListener, org.springframework.boot.test.mock.mockito.ResetMocksTestExecutionListener, org.springframework.test.context.web.ServletTestExecutionListener, org.springframework.test.context.support.DirtiesContextBeforeModesTestExecutionListener, org.springframework.test.context.event.ApplicationEventsTestExecutionListener, org.springframework.test.context.support.DependencyInjectionTestExecutionListener, org.springframework.test.context.support.DirtiesContextTestExecutionListener, org.springframework.test.context.transaction.TransactionalTestExecutionListener, org.springframework.test.context.jdbc.SqlScriptsTestExecutionListener, org.springframework.test.context.event.EventPublishingTestExecutionListener]
22:23:37.207 [Test worker] INFO org.springframework.boot.test.context.SpringBootTestContextBootstrapper - Using TestExecutionListeners: [org.springframework.test.context.web.ServletTestExecutionListener@90aeda0, org.springframework.test.context.support.DirtiesContextBeforeModesTestExecutionListener@f1faa65, org.springframework.test.context.event.ApplicationEventsTestExecutionListener@58d36779, org.springframework.boot.test.mock.mockito.MockitoTestExecutionListener@1b62eb75, org.springframework.boot.test.autoconfigure.SpringBootDependencyInjectionTestExecutionListener@45db6254, org.springframework.test.context.support.DirtiesContextTestExecutionListener@3765b408, org.springframework.test.context.transaction.TransactionalTestExecutionListener@744ef532, org.springframework.test.context.jdbc.SqlScriptsTestExecutionListener@787b918d, org.springframework.test.context.event.EventPublishingTestExecutionListener@66ac8514, org.springframework.boot.test.autoconfigure.restdocs.RestDocsTestExecutionListener@7c73a83d, org.springframework.boot.test.autoconfigure.web.client.MockRestServiceServerResetTestExecutionListener@7f1735e4, org.springframework.boot.test.autoconfigure.web.servlet.MockMvcPrintOnlyOnFailureTestExecutionListener@5bc43472, org.springframework.boot.test.autoconfigure.web.servlet.WebDriverTestExecutionListener@59c29e3b, org.springframework.boot.test.autoconfigure.webservices.client.MockWebServiceServerTestExecutionListener@3891f77e, org.springframework.boot.test.mock.mockito.ResetMocksTestExecutionListener@7eef4d9d]
22:23:37.218 [Test worker] DEBUG org.springframework.test.context.support.AbstractDirtiesContextTestExecutionListener - Before test class: context [DefaultTestContext@67d47619 testClass = ServiceProductApplicationTests, testInstance = [null], testMethod = [null], testException = [null], mergedContextConfiguration = [WebMergedContextConfiguration@1ec32228 testClass = ServiceProductApplicationTests, locations = '{}', classes = '{class microservicio.web.store.service.ServiceProductApplication}', contextInitializerClasses = '[]', activeProfiles = '{}', propertySourceLocations = '{}', propertySourceProperties = '{org.springframework.boot.test.context.SpringBootTestContextBootstrapper=true}', contextCustomizers = set[org.springframework.boot.test.autoconfigure.actuate.metrics.MetricsExportContextCustomizerFactory$DisableMetricExportContextCustomizer@6964d293, org.springframework.boot.test.autoconfigure.properties.PropertyMappingContextCustomizer@0, org.springframework.boot.test.autoconfigure.web.servlet.WebDriverContextCustomizerFactory$Customizer@2da48b5b, org.springframework.boot.test.context.filter.ExcludeFilterContextCustomizer@4e3b3e5b, org.springframework.boot.test.json.DuplicateJsonObjectContextCustomizerFactory$DuplicateJsonObjectContextCustomizer@11aa6e46, org.springframework.boot.test.mock.mockito.MockitoContextCustomizer@0, org.springframework.boot.test.web.client.TestRestTemplateContextCustomizer@9891e40, org.springframework.boot.test.context.SpringBootTestArgs@1, org.springframework.boot.test.context.SpringBootTestWebEnvironment@d3cff4f], resourceBasePath = 'src/main/webapp', contextLoader = 'org.springframework.boot.test.context.SpringBootContextLoader', parent = [null]], attributes = map['org.springframework.test.context.web.ServletTestExecutionListener.activateListener' -> true]], class annotated with @DirtiesContext [false] with mode [null].
22:23:37.297 [Test worker] DEBUG org.springframework.test.context.support.TestPropertySourceUtils - Adding inlined properties to environment: {spring.jmx.enabled=false, org.springframework.boot.test.context.SpringBootTestContextBootstrapper=true}

  .   ____          _            __ _ _
 /\\ / ___'_ __ _ _(_)_ __  __ _ \ \ \ \
( ( )\___ | '_ | '_| | '_ \/ _` | \ \ \ \
 \\/  ___)| |_)| | | | | || (_| |  ) ) ) )
  '  |____| .__|_| |_|_| |_\__, | / / / /
 =========|_|==============|___/=/_/_/_/
 :: Spring Boot ::                (v2.5.1)

2021-06-24 22:23:38 - INFO Starting ServiceProductApplicationTests using Java 16.0.1 on ChristianPC with PID 5452 (started by usuario in C:\Users\usuario\Desktop\WEB - REST\service-product)
2021-06-24 22:23:38 - INFO No active profile set, falling back to default profiles: default
2021-06-24 22:23:39 - INFO Bootstrapping Spring Data JPA repositories in DEFAULT mode.
2021-06-24 22:23:39 - INFO Finished Spring Data repository scanning in 86 ms. Found 1 JPA repository interfaces.
2021-06-24 22:23:40 - INFO HikariPool-1 - Starting...
2021-06-24 22:23:40 - INFO HikariPool-1 - Start completed.
2021-06-24 22:23:41 - INFO HHH000204: Processing PersistenceUnitInfo [name: default]
2021-06-24 22:23:41 - INFO HHH000412: Hibernate ORM core version 5.4.32.Final
2021-06-24 22:23:41 - INFO HCANN000001: Hibernate Commons Annotations {5.1.2.Final}
2021-06-24 22:23:41 - INFO HHH000400: Using dialect: org.hibernate.dialect.H2Dialect
Hibernate: alter table tbl_products add constraint FKoft8x2nisdbe0wmrjeyo9nhwv foreign key (category_id) references tbl_categories
2021-06-24 22:23:43 - INFO HHH000490: Using JtaPlatform implementation: [org.hibernate.engine.transaction.jta.platform.internal.NoJtaPlatform]
2021-06-24 22:23:43 - INFO Initialized JPA EntityManagerFactory for persistence unit 'default'
2021-06-24 22:23:46 - WARN spring.jpa.open-in-view is enabled by default. Therefore, database queries may be performed during view rendering. Explicitly configure spring.jpa.open-in-view to disable this warning
2021-06-24 22:23:47 - INFO H2 console available at '/h2-console'. Database available at 'jdbc:h2:mem:productDB'
2021-06-24 22:23:48 - INFO Started ServiceProductApplicationTests in 11.254 seconds (JVM running for 15.494)
]]></system-out>
  <system-err><![CDATA[]]></system-err>
</testsuite>
