<?xml version="1.0" encoding="UTF-8"?>
<testsuite name="microservicio.web.store.Shopping.ShoppingServiceApplicationTests" tests="1" skipped="0" failures="0" errors="0" timestamp="2021-06-28T19:43:05" hostname="CHRISTIANPC" time="0.585">
  <properties/>
  <testcase name="contextLoads()" classname="microservicio.web.store.Shopping.ShoppingServiceApplicationTests" time="0.585"/>
  <system-out><![CDATA[14:42:51.203 [Test worker] DEBUG org.springframework.test.context.BootstrapUtils - Instantiating CacheAwareContextLoaderDelegate from class [org.springframework.test.context.cache.DefaultCacheAwareContextLoaderDelegate]
14:42:51.225 [Test worker] DEBUG org.springframework.test.context.BootstrapUtils - Instantiating BootstrapContext using constructor [public org.springframework.test.context.support.DefaultBootstrapContext(java.lang.Class,org.springframework.test.context.CacheAwareContextLoaderDelegate)]
14:42:51.292 [Test worker] DEBUG org.springframework.test.context.BootstrapUtils - Instantiating TestContextBootstrapper for test class [microservicio.web.store.Shopping.ShoppingServiceApplicationTests] from class [org.springframework.boot.test.context.SpringBootTestContextBootstrapper]
14:42:51.316 [Test worker] INFO org.springframework.boot.test.context.SpringBootTestContextBootstrapper - Neither @ContextConfiguration nor @ContextHierarchy found for test class [microservicio.web.store.Shopping.ShoppingServiceApplicationTests], using SpringBootContextLoader
14:42:51.325 [Test worker] DEBUG org.springframework.test.context.support.AbstractContextLoader - Did not detect default resource location for test class [microservicio.web.store.Shopping.ShoppingServiceApplicationTests]: class path resource [microservicio/web/store/Shopping/ShoppingServiceApplicationTests-context.xml] does not exist
14:42:51.326 [Test worker] DEBUG org.springframework.test.context.support.AbstractContextLoader - Did not detect default resource location for test class [microservicio.web.store.Shopping.ShoppingServiceApplicationTests]: class path resource [microservicio/web/store/Shopping/ShoppingServiceApplicationTestsContext.groovy] does not exist
14:42:51.327 [Test worker] INFO org.springframework.test.context.support.AbstractContextLoader - Could not detect default resource locations for test class [microservicio.web.store.Shopping.ShoppingServiceApplicationTests]: no resource found for suffixes {-context.xml, Context.groovy}.
14:42:51.329 [Test worker] INFO org.springframework.test.context.support.AnnotationConfigContextLoaderUtils - Could not detect default configuration classes for test class [microservicio.web.store.Shopping.ShoppingServiceApplicationTests]: ShoppingServiceApplicationTests does not declare any static, non-private, non-final, nested classes annotated with @Configuration.
14:42:51.430 [Test worker] DEBUG org.springframework.test.context.support.ActiveProfilesUtils - Could not find an 'annotation declaring class' for annotation type [org.springframework.test.context.ActiveProfiles] and class [microservicio.web.store.Shopping.ShoppingServiceApplicationTests]
14:42:51.565 [Test worker] DEBUG org.springframework.context.annotation.ClassPathScanningCandidateComponentProvider - Identified candidate component class: file [C:\Users\usuario\Desktop\WEB - REST\Shopping-Service\build\classes\java\main\microservicio\web\store\Shopping\ShoppingServiceApplication.class]
14:42:51.568 [Test worker] INFO org.springframework.boot.test.context.SpringBootTestContextBootstrapper - Found @SpringBootConfiguration microservicio.web.store.Shopping.ShoppingServiceApplication for test class microservicio.web.store.Shopping.ShoppingServiceApplicationTests
14:42:52.001 [Test worker] DEBUG org.springframework.boot.test.context.SpringBootTestContextBootstrapper - @TestExecutionListeners is not present for class [microservicio.web.store.Shopping.ShoppingServiceApplicationTests]: using defaults.
14:42:52.002 [Test worker] INFO org.springframework.boot.test.context.SpringBootTestContextBootstrapper - Loaded default TestExecutionListener class names from location [META-INF/spring.factories]: [org.springframework.boot.test.autoconfigure.restdocs.RestDocsTestExecutionListener, org.springframework.boot.test.autoconfigure.web.client.MockRestServiceServerResetTestExecutionListener, org.springframework.boot.test.autoconfigure.web.servlet.MockMvcPrintOnlyOnFailureTestExecutionListener, org.springframework.boot.test.autoconfigure.web.servlet.WebDriverTestExecutionListener, org.springframework.boot.test.autoconfigure.webservices.client.MockWebServiceServerTestExecutionListener, org.springframework.boot.test.mock.mockito.MockitoTestExecutionListener, org.springframework.boot.test.mock.mockito.ResetMocksTestExecutionListener, org.springframework.test.context.web.ServletTestExecutionListener, org.springframework.test.context.support.DirtiesContextBeforeModesTestExecutionListener, org.springframework.test.context.event.ApplicationEventsTestExecutionListener, org.springframework.test.context.support.DependencyInjectionTestExecutionListener, org.springframework.test.context.support.DirtiesContextTestExecutionListener, org.springframework.test.context.transaction.TransactionalTestExecutionListener, org.springframework.test.context.jdbc.SqlScriptsTestExecutionListener, org.springframework.test.context.event.EventPublishingTestExecutionListener]
14:42:52.045 [Test worker] INFO org.springframework.boot.test.context.SpringBootTestContextBootstrapper - Using TestExecutionListeners: [org.springframework.test.context.web.ServletTestExecutionListener@35a65c3c, org.springframework.test.context.support.DirtiesContextBeforeModesTestExecutionListener@44b5aeba, org.springframework.test.context.event.ApplicationEventsTestExecutionListener@2e6dfe8c, org.springframework.boot.test.mock.mockito.MockitoTestExecutionListener@624d2aeb, org.springframework.boot.test.autoconfigure.SpringBootDependencyInjectionTestExecutionListener@658dcd22, org.springframework.test.context.support.DirtiesContextTestExecutionListener@ca47f57, org.springframework.test.context.transaction.TransactionalTestExecutionListener@4d7c69d1, org.springframework.test.context.jdbc.SqlScriptsTestExecutionListener@46ed18e7, org.springframework.test.context.event.EventPublishingTestExecutionListener@4d0229c5, org.springframework.boot.test.autoconfigure.restdocs.RestDocsTestExecutionListener@62f3b9f5, org.springframework.boot.test.autoconfigure.web.client.MockRestServiceServerResetTestExecutionListener@4cef769b, org.springframework.boot.test.autoconfigure.web.servlet.MockMvcPrintOnlyOnFailureTestExecutionListener@62eb65c1, org.springframework.boot.test.autoconfigure.web.servlet.WebDriverTestExecutionListener@3efb3458, org.springframework.boot.test.autoconfigure.webservices.client.MockWebServiceServerTestExecutionListener@41b80e63, org.springframework.boot.test.mock.mockito.ResetMocksTestExecutionListener@7654e361]
14:42:52.053 [Test worker] DEBUG org.springframework.test.context.support.AbstractDirtiesContextTestExecutionListener - Before test class: context [DefaultTestContext@3edb1fe0 testClass = ShoppingServiceApplicationTests, testInstance = [null], testMethod = [null], testException = [null], mergedContextConfiguration = [WebMergedContextConfiguration@7c5eae13 testClass = ShoppingServiceApplicationTests, locations = '{}', classes = '{class microservicio.web.store.Shopping.ShoppingServiceApplication}', contextInitializerClasses = '[]', activeProfiles = '{}', propertySourceLocations = '{}', propertySourceProperties = '{org.springframework.boot.test.context.SpringBootTestContextBootstrapper=true}', contextCustomizers = set[org.springframework.boot.test.autoconfigure.actuate.metrics.MetricsExportContextCustomizerFactory$DisableMetricExportContextCustomizer@6964d293, org.springframework.boot.test.autoconfigure.properties.PropertyMappingContextCustomizer@0, org.springframework.boot.test.autoconfigure.web.servlet.WebDriverContextCustomizerFactory$Customizer@2da48b5b, org.springframework.boot.test.context.filter.ExcludeFilterContextCustomizer@4e3b3e5b, org.springframework.boot.test.json.DuplicateJsonObjectContextCustomizerFactory$DuplicateJsonObjectContextCustomizer@11aa6e46, org.springframework.boot.test.mock.mockito.MockitoContextCustomizer@0, org.springframework.boot.test.web.client.TestRestTemplateContextCustomizer@9891e40, org.springframework.boot.test.context.SpringBootTestArgs@1, org.springframework.boot.test.context.SpringBootTestWebEnvironment@d3cff4f], resourceBasePath = 'src/main/webapp', contextLoader = 'org.springframework.boot.test.context.SpringBootContextLoader', parent = [null]], attributes = map['org.springframework.test.context.web.ServletTestExecutionListener.activateListener' -> true]], class annotated with @DirtiesContext [false] with mode [null].
14:42:52.125 [Test worker] DEBUG org.springframework.test.context.support.TestPropertySourceUtils - Adding inlined properties to environment: {spring.jmx.enabled=false, org.springframework.boot.test.context.SpringBootTestContextBootstrapper=true}

  .   ____          _            __ _ _
 /\\ / ___'_ __ _ _(_)_ __  __ _ \ \ \ \
( ( )\___ | '_ | '_| | '_ \/ _` | \ \ \ \
 \\/  ___)| |_)| | | | | || (_| |  ) ) ) )
  '  |____| .__|_| |_|_| |_\__, | / / / /
 =========|_|==============|___/=/_/_/_/
 :: Spring Boot ::                (v2.5.2)

2021-06-28 14:42:52.649  INFO 9780 --- [    Test worker] m.w.s.S.ShoppingServiceApplicationTests  : Starting ShoppingServiceApplicationTests using Java 16.0.1 on ChristianPC with PID 9780 (started by usuario in C:\Users\usuario\Desktop\WEB - REST\Shopping-Service)
2021-06-28 14:42:52.653  INFO 9780 --- [    Test worker] m.w.s.S.ShoppingServiceApplicationTests  : No active profile set, falling back to default profiles: default
2021-06-28 14:42:53.979  INFO 9780 --- [    Test worker] .s.d.r.c.RepositoryConfigurationDelegate : Bootstrapping Spring Data JPA repositories in DEFAULT mode.
2021-06-28 14:42:54.099  INFO 9780 --- [    Test worker] .s.d.r.c.RepositoryConfigurationDelegate : Finished Spring Data repository scanning in 101 ms. Found 2 JPA repository interfaces.
2021-06-28 14:42:54.872  INFO 9780 --- [    Test worker] com.zaxxer.hikari.HikariDataSource       : HikariPool-1 - Starting...
2021-06-28 14:42:55.190  INFO 9780 --- [    Test worker] com.zaxxer.hikari.HikariDataSource       : HikariPool-1 - Start completed.
2021-06-28 14:42:55.512  INFO 9780 --- [    Test worker] o.hibernate.jpa.internal.util.LogHelper  : HHH000204: Processing PersistenceUnitInfo [name: default]
2021-06-28 14:42:55.632  INFO 9780 --- [    Test worker] org.hibernate.Version                    : HHH000412: Hibernate ORM core version 5.4.32.Final
2021-06-28 14:42:55.962  INFO 9780 --- [    Test worker] o.hibernate.annotations.common.Version   : HCANN000001: Hibernate Commons Annotations {5.1.2.Final}
2021-06-28 14:42:56.255  INFO 9780 --- [    Test worker] org.hibernate.dialect.Dialect            : HHH000400: Using dialect: org.hibernate.dialect.H2Dialect
2021-06-28 14:42:58.845  INFO 9780 --- [    Test worker] o.h.e.t.j.p.i.JtaPlatformInitiator       : HHH000490: Using JtaPlatform implementation: [org.hibernate.engine.transaction.jta.platform.internal.NoJtaPlatform]
2021-06-28 14:42:58.882  INFO 9780 --- [    Test worker] j.LocalContainerEntityManagerFactoryBean : Initialized JPA EntityManagerFactory for persistence unit 'default'
2021-06-28 14:43:02.369  WARN 9780 --- [    Test worker] JpaBaseConfiguration$JpaWebConfiguration : spring.jpa.open-in-view is enabled by default. Therefore, database queries may be performed during view rendering. Explicitly configure spring.jpa.open-in-view to disable this warning
2021-06-28 14:43:05.132  INFO 9780 --- [    Test worker] m.w.s.S.ShoppingServiceApplicationTests  : Started ShoppingServiceApplicationTests in 12.992 seconds (JVM running for 15.547)
]]></system-out>
  <system-err><![CDATA[]]></system-err>
</testsuite>
